Mean relative error: 0.24101918703495176
Mean XML format: 0.5
Mean area format: 0.5
Mean area correctness: 1.5538848777902898
Mean relative error: 0.08075872970254343
Mean XML format: 0.5
Mean area format: 0.5
Mean area correctness: 2.51544762178474
Mean relative error: 0.5193229308621786
Mean XML format: 0.4375
Mean area format: 0.4375
Mean area correctness: -0.11593758517307134
Mean relative error: 0.4263016446808107
Mean XML format: 0.5
Mean area format: 0.5
Mean area correctness: 0.4421901319151351
Mean relative error: 0.60805320024562
Mean XML format: 0.375
Mean area format: 0.375
Mean area correctness: -0.6483192014737198
Mean relative error: 0.7127103507450926
Mean XML format: 0.5
Mean area format: 0.5
Mean area correctness: -1.2762621044705555
Mean relative error: 0.3939659452670931
Mean XML format: 0.5
Mean area format: 0.5
Mean area correctness: 0.6362043283974418
